2020/01/06 17:29:46.164 [D]  this is a test, my name is Mr.chen
2020/01/06 17:29:46.164 [D]  all task process goroutine started
2020/01/06 17:29:46.164 [D]  transfer queue goroutine is running
2020/01/06 17:29:46.165 [D]  文件转移服务启动中，开始监听转移任务队列...
2020/01/06 17:29:46.169 [D]  {"Id":1,"Name":"user_1","UserNum":98498093}
2020/01/06 17:29:46.169 [I]  {1 user_1 98498093}
2020/01/06 17:29:49.165 [I]  输入{"Id":1,"Name":"user_1","UserNum":98498093}
2020/01/06 17:29:49.169 [D]  {"Id":2,"Name":"user_2","UserNum":19727907}
2020/01/06 17:29:49.169 [I]  {2 user_2 19727907}
2020/01/06 17:29:52.165 [I]  输入{"Id":2,"Name":"user_2","UserNum":19727907}
2020/01/06 17:29:52.171 [D]  {"Id":3,"Name":"user_3","UserNum":27131861}
2020/01/06 17:29:52.172 [I]  {3 user_3 27131861}
2020/01/06 17:29:55.166 [I]  输入{"Id":3,"Name":"user_3","UserNum":27131861}
2020/01/06 17:29:55.171 [D]  {"Id":4,"Name":"user_4","UserNum":39984068}
2020/01/06 17:29:55.171 [I]  {4 user_4 39984068}
2020/01/06 17:29:58.166 [I]  输入{"Id":4,"Name":"user_4","UserNum":39984068}
2020/01/06 17:29:58.170 [D]  {"Id":5,"Name":"user_5","UserNum":11902090}
2020/01/06 17:29:58.170 [I]  {5 user_5 11902090}
2020/01/06 17:30:01.166 [I]  输入{"Id":5,"Name":"user_5","UserNum":11902090}
2020/01/06 17:30:01.170 [D]  {"Id":6,"Name":"user_6","UserNum":74941332}
2020/01/06 17:30:01.170 [I]  {6 user_6 74941332}
2020/01/06 17:30:04.166 [I]  输入{"Id":6,"Name":"user_6","UserNum":74941332}
2020/01/06 17:30:04.172 [D]  {"Id":7,"Name":"user_7","UserNum":40954426}
2020/01/06 17:30:04.172 [I]  {7 user_7 40954426}
2020/01/06 17:32:24.580 [D]  this is a test, my name is Mr.chen
2020/01/06 17:32:24.581 [D]  all task process goroutine started
2020/01/06 17:32:24.581 [D]  transfer queue goroutine is running
2020/01/06 17:32:24.582 [D]  文件转移服务启动中，开始监听转移任务队列...
2020/01/06 17:32:24.588 [D]  {"Id":1,"Name":"user_1","UserNum":98498093}
2020/01/06 17:32:24.588 [I]  {1 user_1 98498093}
2020/01/06 17:32:27.582 [I]  输入{"Id":1,"Name":"user_1","UserNum":98498093}
2020/01/06 17:32:27.587 [D]  {"Id":2,"Name":"user_2","UserNum":19727907}
2020/01/06 17:32:27.587 [I]  {2 user_2 19727907}
2020/01/06 17:32:30.582 [I]  输入{"Id":2,"Name":"user_2","UserNum":19727907}
2020/01/06 17:32:30.587 [D]  {"Id":3,"Name":"user_3","UserNum":27131861}
2020/01/06 17:32:30.588 [I]  {3 user_3 27131861}
2020/01/06 17:32:33.582 [I]  输入{"Id":3,"Name":"user_3","UserNum":27131861}
2020/01/06 17:32:33.587 [D]  {"Id":4,"Name":"user_4","UserNum":39984068}
2020/01/06 17:32:33.587 [I]  {4 user_4 39984068}
2020/01/06 17:32:36.582 [I]  输入{"Id":4,"Name":"user_4","UserNum":39984068}
2020/01/06 17:32:36.587 [D]  {"Id":5,"Name":"user_5","UserNum":11902090}
2020/01/06 17:32:36.587 [I]  {5 user_5 11902090}
2020/01/06 17:32:39.582 [I]  输入{"Id":5,"Name":"user_5","UserNum":11902090}
2020/01/06 17:32:39.588 [D]  {"Id":6,"Name":"user_6","UserNum":74941332}
2020/01/06 17:32:39.588 [I]  {6 user_6 74941332}
2020/01/06 17:32:42.583 [I]  输入{"Id":6,"Name":"user_6","UserNum":74941332}
2020/01/06 17:32:42.588 [D]  {"Id":7,"Name":"user_7","UserNum":40954426}
2020/01/06 17:32:42.589 [I]  {7 user_7 40954426}
2020/01/06 17:32:45.583 [I]  输入{"Id":7,"Name":"user_7","UserNum":40954426}
2020/01/06 17:32:45.588 [D]  {"Id":8,"Name":"user_8","UserNum":36122543}
2020/01/06 17:32:45.588 [I]  {8 user_8 36122543}
2020/01/06 17:32:48.583 [I]  输入{"Id":8,"Name":"user_8","UserNum":36122543}
2020/01/06 17:32:48.588 [D]  {"Id":9,"Name":"user_9","UserNum":8240458}
2020/01/06 17:32:48.588 [I]  {9 user_9 8240458}
2020/01/06 17:32:51.583 [I]  输入{"Id":9,"Name":"user_9","UserNum":8240458}
2020/01/06 17:32:51.589 [D]  {"Id":10,"Name":"user_10","UserNum":46203306}
2020/01/06 17:32:51.589 [I]  {10 user_10 46203306}
2020/01/06 17:32:54.583 [I]  输入{"Id":10,"Name":"user_10","UserNum":46203306}
2020/01/06 17:32:54.589 [D]  {"Id":11,"Name":"user_11","UserNum":6410705}
2020/01/06 17:32:54.589 [I]  {11 user_11 6410705}
2020/01/06 17:32:57.583 [I]  输入{"Id":11,"Name":"user_11","UserNum":6410705}
2020/01/06 17:32:57.588 [D]  {"Id":12,"Name":"user_12","UserNum":47278528}
2020/01/06 17:32:57.589 [I]  {12 user_12 47278528}
2020/01/06 17:33:00.584 [I]  输入{"Id":12,"Name":"user_12","UserNum":47278528}
2020/01/06 17:33:00.589 [D]  {"Id":13,"Name":"user_13","UserNum":60128166}
2020/01/06 17:33:00.589 [I]  {13 user_13 60128166}
2020/01/06 17:33:03.584 [I]  输入{"Id":13,"Name":"user_13","UserNum":60128166}
2020/01/06 17:33:03.592 [D]  {"Id":14,"Name":"user_14","UserNum":17455097}
2020/01/06 17:33:03.592 [I]  {14 user_14 17455097}
2020/01/06 17:33:06.584 [I]  输入{"Id":14,"Name":"user_14","UserNum":17455097}
2020/01/06 17:33:06.590 [D]  {"Id":15,"Name":"user_15","UserNum":83024734}
2020/01/06 17:33:06.591 [I]  {15 user_15 83024734}
2020/01/06 17:33:09.584 [I]  输入{"Id":15,"Name":"user_15","UserNum":83024734}
2020/01/06 17:33:09.590 [D]  {"Id":16,"Name":"user_16","UserNum":6933284}
2020/01/06 17:33:09.590 [I]  {16 user_16 6933284}
2020/01/06 17:33:12.584 [I]  输入{"Id":16,"Name":"user_16","UserNum":6933284}
2020/01/06 17:33:12.590 [D]  {"Id":17,"Name":"user_17","UserNum":7811217}
2020/01/06 17:33:12.591 [I]  {17 user_17 7811217}
2020/01/06 17:33:15.585 [I]  输入{"Id":17,"Name":"user_17","UserNum":7811217}
2020/01/06 17:33:15.592 [D]  {"Id":18,"Name":"user_18","UserNum":29431451}
2020/01/06 17:33:15.592 [I]  {18 user_18 29431451}
2020/01/06 17:33:18.586 [I]  输入{"Id":18,"Name":"user_18","UserNum":29431451}
2020/01/06 17:33:18.592 [D]  {"Id":19,"Name":"user_19","UserNum":58323251}
2020/01/06 17:33:18.592 [I]  {19 user_19 58323251}
2020/01/06 17:33:21.586 [I]  输入{"Id":19,"Name":"user_19","UserNum":58323251}
2020/01/06 17:33:21.592 [D]  {"Id":20,"Name":"user_20","UserNum":69339110}
2020/01/06 17:33:21.592 [I]  {20 user_20 69339110}
2020/01/06 17:33:24.586 [I]  输入{"Id":20,"Name":"user_20","UserNum":69339110}
2020/01/06 17:33:24.591 [D]  {"Id":21,"Name":"user_21","UserNum":36340499}
2020/01/06 17:33:24.591 [I]  {21 user_21 36340499}
2020/01/06 17:33:27.586 [I]  输入{"Id":21,"Name":"user_21","UserNum":36340499}
2020/01/06 17:33:27.590 [D]  {"Id":22,"Name":"user_22","UserNum":74965473}
2020/01/06 17:33:27.591 [I]  {22 user_22 74965473}
2020/01/06 17:33:30.586 [I]  输入{"Id":22,"Name":"user_22","UserNum":74965473}
2020/01/06 17:33:30.592 [D]  {"Id":23,"Name":"user_23","UserNum":25511540}
2020/01/06 17:33:30.592 [I]  {23 user_23 25511540}
2020/01/06 17:33:33.586 [I]  输入{"Id":23,"Name":"user_23","UserNum":25511540}
2020/01/06 17:33:33.591 [D]  {"Id":24,"Name":"user_24","UserNum":52186276}
2020/01/06 17:33:33.592 [I]  {24 user_24 52186276}
2020/01/06 17:33:36.587 [I]  输入{"Id":24,"Name":"user_24","UserNum":52186276}
2020/01/06 17:33:36.592 [D]  {"Id":25,"Name":"user_25","UserNum":29458053}
2020/01/06 17:33:36.592 [I]  {25 user_25 29458053}
2020/01/06 17:33:39.587 [I]  输入{"Id":25,"Name":"user_25","UserNum":29458053}
2020/01/06 17:33:39.592 [D]  {"Id":26,"Name":"user_26","UserNum":37979953}
2020/01/06 17:33:39.592 [I]  {26 user_26 37979953}
2020/01/06 17:33:42.587 [I]  输入{"Id":26,"Name":"user_26","UserNum":37979953}
2020/01/06 17:33:42.591 [D]  {"Id":27,"Name":"user_27","UserNum":16138303}
2020/01/06 17:33:42.591 [I]  {27 user_27 16138303}
2020/01/06 17:33:45.587 [I]  输入{"Id":27,"Name":"user_27","UserNum":16138303}
2020/01/06 17:33:45.594 [D]  {"Id":28,"Name":"user_28","UserNum":43632892}
2020/01/06 17:33:45.594 [I]  {28 user_28 43632892}
2020/01/06 17:33:48.587 [I]  输入{"Id":28,"Name":"user_28","UserNum":43632892}
2020/01/06 17:33:48.592 [D]  {"Id":29,"Name":"user_29","UserNum":58292808}
2020/01/06 17:33:48.593 [I]  {29 user_29 58292808}
2020/01/06 17:33:51.587 [I]  输入{"Id":29,"Name":"user_29","UserNum":58292808}
2020/01/06 17:33:51.592 [D]  {"Id":30,"Name":"user_30","UserNum":96193029}
2020/01/06 17:33:51.592 [I]  {30 user_30 96193029}
2020/01/06 17:33:54.588 [I]  输入{"Id":30,"Name":"user_30","UserNum":96193029}
2020/01/06 17:33:54.593 [D]  {"Id":31,"Name":"user_31","UserNum":24895552}
2020/01/06 17:33:54.593 [I]  {31 user_31 24895552}
2020/01/06 17:33:57.588 [I]  输入{"Id":31,"Name":"user_31","UserNum":24895552}
2020/01/06 17:33:57.594 [D]  {"Id":32,"Name":"user_32","UserNum":60780408}
2020/01/06 17:33:57.594 [I]  {32 user_32 60780408}
2020/01/06 17:34:00.588 [I]  输入{"Id":32,"Name":"user_32","UserNum":60780408}
2020/01/06 17:34:00.594 [D]  {"Id":33,"Name":"user_33","UserNum":40007390}
2020/01/06 17:34:00.594 [I]  {33 user_33 40007390}
2020/01/06 17:34:03.588 [I]  输入{"Id":33,"Name":"user_33","UserNum":40007390}
2020/01/06 17:34:03.593 [D]  {"Id":34,"Name":"user_34","UserNum":4066844}
2020/01/06 17:34:03.593 [I]  {34 user_34 4066844}
2020/01/06 17:34:06.588 [I]  输入{"Id":34,"Name":"user_34","UserNum":4066844}
2020/01/06 17:34:06.593 [D]  {"Id":35,"Name":"user_35","UserNum":94315449}
2020/01/06 17:34:06.593 [I]  {35 user_35 94315449}
2020/01/06 17:34:09.588 [I]  输入{"Id":35,"Name":"user_35","UserNum":94315449}
2020/01/06 17:34:09.592 [D]  {"Id":36,"Name":"user_36","UserNum":70625357}
2020/01/06 17:34:09.593 [I]  {36 user_36 70625357}
2020/01/06 17:34:12.589 [I]  输入{"Id":36,"Name":"user_36","UserNum":70625357}
2020/01/06 17:34:12.595 [D]  {"Id":37,"Name":"user_37","UserNum":77341749}
2020/01/06 17:34:12.595 [I]  {37 user_37 77341749}
2020/01/06 17:34:15.589 [I]  输入{"Id":37,"Name":"user_37","UserNum":77341749}
2020/01/06 17:34:15.595 [D]  {"Id":38,"Name":"user_38","UserNum":26960632}
2020/01/06 17:34:15.595 [I]  {38 user_38 26960632}
2020/01/06 17:34:18.589 [I]  输入{"Id":38,"Name":"user_38","UserNum":26960632}
2020/01/06 17:34:18.594 [D]  {"Id":39,"Name":"user_39","UserNum":86111499}
2020/01/06 17:34:18.594 [I]  {39 user_39 86111499}
2020/01/06 17:34:21.589 [I]  输入{"Id":39,"Name":"user_39","UserNum":86111499}
2020/01/06 17:34:21.594 [D]  {"Id":40,"Name":"user_40","UserNum":47515032}
2020/01/06 17:34:21.594 [I]  {40 user_40 47515032}
2020/01/06 17:34:24.589 [I]  输入{"Id":40,"Name":"user_40","UserNum":47515032}
2020/01/06 17:34:24.594 [D]  {"Id":41,"Name":"user_41","UserNum":72086416}
2020/01/06 17:34:24.594 [I]  {41 user_41 72086416}
2020/01/06 17:34:27.590 [I]  输入{"Id":41,"Name":"user_41","UserNum":72086416}
2020/01/06 17:34:27.596 [D]  {"Id":42,"Name":"user_42","UserNum":62003101}
2020/01/06 17:34:27.596 [I]  {42 user_42 62003101}
2020/01/06 17:34:30.590 [I]  输入{"Id":42,"Name":"user_42","UserNum":62003101}
2020/01/06 17:34:30.596 [D]  {"Id":43,"Name":"user_43","UserNum":68565205}
2020/01/06 17:34:30.596 [I]  {43 user_43 68565205}
2020/01/06 17:34:33.590 [I]  输入{"Id":43,"Name":"user_43","UserNum":68565205}
2020/01/06 17:34:33.595 [D]  {"Id":44,"Name":"user_44","UserNum":98090568}
2020/01/06 17:34:33.595 [I]  {44 user_44 98090568}
2020/01/06 17:34:36.590 [I]  输入{"Id":44,"Name":"user_44","UserNum":98090568}
2020/01/06 17:34:36.595 [D]  {"Id":45,"Name":"user_45","UserNum":8712442}
2020/01/06 17:34:36.595 [I]  {45 user_45 8712442}
2020/01/06 17:34:39.590 [I]  输入{"Id":45,"Name":"user_45","UserNum":8712442}
2020/01/06 17:34:39.594 [D]  {"Id":46,"Name":"user_46","UserNum":39424158}
2020/01/06 17:34:39.595 [I]  {46 user_46 39424158}
2020/01/06 17:34:42.590 [I]  输入{"Id":46,"Name":"user_46","UserNum":39424158}
2020/01/06 17:34:42.596 [D]  {"Id":47,"Name":"user_47","UserNum":44474083}
2020/01/06 17:34:42.596 [I]  {47 user_47 44474083}
2020/01/06 17:34:45.591 [I]  输入{"Id":47,"Name":"user_47","UserNum":44474083}
2020/01/06 17:34:45.596 [D]  {"Id":48,"Name":"user_48","UserNum":5764330}
2020/01/06 17:34:45.597 [I]  {48 user_48 5764330}
2020/01/06 17:34:48.591 [I]  输入{"Id":48,"Name":"user_48","UserNum":5764330}
2020/01/06 17:34:48.596 [D]  {"Id":49,"Name":"user_49","UserNum":93516175}
2020/01/06 17:34:48.596 [I]  {49 user_49 93516175}
2020/01/06 17:34:51.591 [I]  输入{"Id":49,"Name":"user_49","UserNum":93516175}
